<?xml version="1.0" encoding="UTF-8"?>
<testsuite xmlns:xsi="http://www.w3.org/2001/XMLSchema-instance" xsi:noNamespaceSchemaLocation="https://maven.apache.org/surefire/maven-surefire-plugin/xsd/surefire-test-report-3.0.xsd" version="3.0" name="com.smartcampus.smart_campus_api.security.RoleBasedAccessTest" time="8.215" tests="5" errors="0" skipped="0" failures="0">
  <properties>
[...]
</properties>
  <testcase name="testAdminRoleAccess" classname="com.smartcampus.smart_campus_api.security.RoleBasedAccessTest" time="0.897">
    <system-out><![CDATA[19:07:00.521 [main] INFO org.springframework.test.context.support.AnnotationConfigContextLoaderUtils -- Could not detect default configuration classes for test class [com.smartcampus.smart_campus_api.security.RoleBasedAccessTest]: RoleBasedAccessTest does not declare any static, non-private, non-final, nested classes annotated with @Configuration.
19:07:00.637 [main] INFO org.springframework.boot.test.context.SpringBootTestContextBootstrapper -- Found @SpringBootConfiguration com.smartcampus.smart_campus_api.SmartCampusApiApplication for test class com.smartcampus.smart_campus_api.security.RoleBasedAccessTest
19:07:00.811 [main] INFO org.springframework.boot.devtools.restart.RestartApplicationListener -- Restart disabled due to context in which it is running

  .   ____          _            __ _ _
 /\\ / ___'_ __ _ _(_)_ __  __ _ \ \ \ \
( ( )\___ | '_ | '_| | '_ \/ _` | \ \ \ \
 \\/  ___)| |_)| | | | | || (_| |  ) ) ) )
  '  |____| .__|_| |_|_| |_\__, | / / / /
 =========|_|==============|___/=/_/_/_/

 :: Spring Boot ::                (v3.3.4)

2026-04-25T19:07:01.137+05:30  INFO 3108 --- [smart-campus-api] [           main] c.s.s.security.RoleBasedAccessTest       : Starting RoleBasedAccessTest using Java 21.0.9 with PID 3108 (started by Asus in E:\Combined\IT3030-PAF-2026-Smart-Campus-Group-88\smart-campus-api)
2026-04-25T19:07:01.140+05:30 DEBUG 3108 --- [smart-campus-api] [           main] c.s.s.security.RoleBasedAccessTest       : Running with Spring Boot v3.3.4, Spring v6.1.13
2026-04-25T19:07:01.140+05:30  INFO 3108 --- [smart-campus-api] [           main] c.s.s.security.RoleBasedAccessTest       : The following 1 profile is active: "test"
2026-04-25T19:07:02.124+05:30  INFO 3108 --- [smart-campus-api] [           main] .s.d.r.c.RepositoryConfigurationDelegate : Bootstrapping Spring Data MongoDB repositories in DEFAULT mode.
2026-04-25T19:07:02.200+05:30  INFO 3108 --- [smart-campus-api] [           main] .s.d.r.c.RepositoryConfigurationDelegate : Finished Spring Data repository scanning in 73 ms. Found 4 MongoDB repository interfaces.
2026-04-25T19:07:03.130+05:30  INFO 3108 --- [smart-campus-api] [           main] org.mongodb.driver.client                : MongoClient with metadata {"driver": {"name": "mongo-java-driver|sync|spring-boot", "version": "5.0.1"}, "os": {"type": "Windows", "name": "Windows 11", "architecture": "amd64", "version": "10.0"}, "platform": "Java/Oracle Corporation/21.0.9+7-LTS-338"} created with settings MongoClientSettings{readPreference=primary, writeConcern=WriteConcern{w=null, wTimeout=null ms, journal=null}, retryWrites=true, retryReads=true, readConcern=ReadConcern{level=null}, credential=MongoCredential{mechanism=null, userName='dasun', source='admin', password=<hidden>, mechanismProperties=<hidden>}, transportSettings=null, commandListeners=[], codecRegistry=ProvidersCodecRegistry{codecProviders=[ValueCodecProvider{}, BsonValueCodecProvider{}, DBRefCodecProvider{}, DBObjectCodecProvider{}, DocumentCodecProvider{}, CollectionCodecProvider{}, IterableCodecProvider{}, MapCodecProvider{}, GeoJsonCodecProvider{}, GridFSFileCodecProvider{}, Jsr310CodecProvider{}, JsonObjectCodecProvider{}, BsonCodecProvider{}, EnumCodecProvider{}, com.mongodb.client.model.mql.ExpressionCodecProvider@7302ff13, com.mongodb.Jep395RecordCodecProvider@4017fe2c, com.mongodb.KotlinCodecProvider@1961d75a]}, loggerSettings=LoggerSettings{maxDocumentLength=1000}, clusterSettings={hosts=[127.0.0.1:27017], srvHost=smart-campus.al7xwbr.mongodb.net, srvServiceName=mongodb, mode=MULTIPLE, requiredClusterType=REPLICA_SET, requiredReplicaSetName='atlas-3fg6ea-shard-0', serverSelector='null', clusterListeners='[]', serverSelectionTimeout='30000 ms', localThreshold='15 ms'}, socketSettings=SocketSettings{connectTimeoutMS=10000, readTimeoutMS=0, receiveBufferSize=0, proxySettings=ProxySettings{host=null, port=null, username=null, password=null}}, heartbeatSocketSettings=SocketSettings{connectTimeoutMS=10000, readTimeoutMS=10000, receiveBufferSize=0, proxySettings=ProxySettings{host=null, port=null, username=null, password=null}}, connectionPoolSettings=ConnectionPoolSettings{maxSize=100, minSize=0, maxWaitTimeMS=120000, maxConnectionLifeTimeMS=0, maxConnectionIdleTimeMS=0, maintenanceInitialDelayMS=0, maintenanceFrequencyMS=60000, connectionPoolListeners=[], maxConnecting=2}, serverSettings=ServerSettings{heartbeatFrequencyMS=10000, minHeartbeatFrequencyMS=500, serverListeners='[]', serverMonitorListeners='[]'}, sslSettings=SslSettings{enabled=true, invalidHostNameAllowed=false, context=null}, applicationName='null', compressorList=[], uuidRepresentation=JAVA_LEGACY, serverApi=null, autoEncryptionSettings=null, dnsClient=null, inetAddressResolver=null, contextProvider=null}
2026-04-25T19:07:03.161+05:30  INFO 3108 --- [smart-campus-api] [wbr.mongodb.net] org.mongodb.driver.cluster               : Adding discovered server ac-dajggkg-shard-00-02.al7xwbr.mongodb.net:27017 to client view of cluster
2026-04-25T19:07:03.322+05:30  INFO 3108 --- [smart-campus-api] [wbr.mongodb.net] org.mongodb.driver.cluster               : Adding discovered server ac-dajggkg-shard-00-01.al7xwbr.mongodb.net:27017 to client view of cluster
2026-04-25T19:07:03.333+05:30  INFO 3108 --- [smart-campus-api] [wbr.mongodb.net] org.mongodb.driver.cluster               : Adding discovered server ac-dajggkg-shard-00-00.al7xwbr.mongodb.net:27017 to client view of cluster
2026-04-25T19:07:04.807+05:30  INFO 3108 --- [smart-campus-api] [ngodb.net:27017] org.mongodb.driver.cluster               : Monitor thread successfully connected to server with description ServerDescription{address=ac-dajggkg-shard-00-02.al7xwbr.mongodb.net:27017, type=REPLICA_SET_SECONDARY, state=CONNECTED, ok=true, minWireVersion=0, maxWireVersion=25, maxDocumentSize=16777216, logicalSessionTimeoutMinutes=30, roundTripTimeNanos=909314400, setName='atlas-3fg6ea-shard-0', canonicalAddress=ac-dajggkg-shard-00-02.al7xwbr.mongodb.net:27017, hosts=[ac-dajggkg-shard-00-01.al7xwbr.mongodb.net:27017, ac-dajggkg-shard-00-00.al7xwbr.mongodb.net:27017, ac-dajggkg-shard-00-02.al7xwbr.mongodb.net:27017], passives=[], arbiters=[], primary='ac-dajggkg-shard-00-01.al7xwbr.mongodb.net:27017', tagSet=TagSet{[Tag{name='availabilityZone', value='aps1-az2'}, Tag{name='cacheState', value='READY'}, Tag{name='diskState', value='READY'}, Tag{name='nodeType', value='ELECTABLE'}, Tag{name='provider', value='AWS'}, Tag{name='region', value='AP_SOUTH_1'}, Tag{name='workloadType', value='OPERATIONAL'}]}, electionId=null, setVersion=372, topologyVersion=TopologyVersion{processId=69e8e3a0a50a189f08dd0ccc, counter=3}, lastWriteDate=Sat Apr 25 19:07:04 IST 2026, lastUpdateTimeNanos=6001968524100}
2026-04-25T19:07:04.807+05:30  INFO 3108 --- [smart-campus-api] [ngodb.net:27017] org.mongodb.driver.cluster               : Monitor thread successfully connected to server with description ServerDescription{address=ac-dajggkg-shard-00-01.al7xwbr.mongodb.net:27017, type=REPLICA_SET_PRIMARY, state=CONNECTED, ok=true, minWireVersion=0, maxWireVersion=25, maxDocumentSize=16777216, logicalSessionTimeoutMinutes=30, roundTripTimeNanos=907888500, setName='atlas-3fg6ea-shard-0', canonicalAddress=ac-dajggkg-shard-00-01.al7xwbr.mongodb.net:27017, hosts=[ac-dajggkg-shard-00-01.al7xwbr.mongodb.net:27017, ac-dajggkg-shard-00-00.al7xwbr.mongodb.net:27017, ac-dajggkg-shard-00-02.al7xwbr.mongodb.net:27017], passives=[], arbiters=[], primary='ac-dajggkg-shard-00-01.al7xwbr.mongodb.net:27017', tagSet=TagSet{[Tag{name='availabilityZone', value='aps1-az3'}, Tag{name='cacheState', value='READY'}, Tag{name='diskState', value='READY'}, Tag{name='nodeType', value='ELECTABLE'}, Tag{name='provider', value='AWS'}, Tag{name='region', value='AP_SOUTH_1'}, Tag{name='workloadType', value='OPERATIONAL'}]}, electionId=7fffffff000000000000015b, setVersion=372, topologyVersion=TopologyVersion{processId=69e8e350a3de960cda44f6c0, counter=6}, lastWriteDate=Sat Apr 25 19:07:04 IST 2026, lastUpdateTimeNanos=6001968618500}
2026-04-25T19:07:04.807+05:30  INFO 3108 --- [smart-campus-api] [ngodb.net:27017] org.mongodb.driver.cluster               : Monitor thread successfully connected to server with description ServerDescription{address=ac-dajggkg-shard-00-00.al7xwbr.mongodb.net:27017, type=REPLICA_SET_SECONDARY, state=CONNECTED, ok=true, minWireVersion=0, maxWireVersion=25, maxDocumentSize=16777216, logicalSessionTimeoutMinutes=30, roundTripTimeNanos=909452200, setName='atlas-3fg6ea-shard-0', canonicalAddress=ac-dajggkg-shard-00-00.al7xwbr.mongodb.net:27017, hosts=[ac-dajggkg-shard-00-01.al7xwbr.mongodb.net:27017, ac-dajggkg-shard-00-00.al7xwbr.mongodb.net:27017, ac-dajggkg-shard-00-02.al7xwbr.mongodb.net:27017], passives=[], arbiters=[], primary='ac-dajggkg-shard-00-01.al7xwbr.mongodb.net:27017', tagSet=TagSet{[Tag{name='availabilityZone', value='aps1-az1'}, Tag{name='cacheState', value='READY'}, Tag{name='diskState', value='READY'}, Tag{name='nodeType', value='ELECTABLE'}, Tag{name='provider', value='AWS'}, Tag{name='region', value='AP_SOUTH_1'}, Tag{name='workloadType', value='OPERATIONAL'}]}, electionId=null, setVersion=372, topologyVersion=TopologyVersion{processId=69e8e2fe41bc7d4205d6555c, counter=4}, lastWriteDate=Sat Apr 25 19:07:04 IST 2026, lastUpdateTimeNanos=6001968640800}
2026-04-25T19:07:04.826+05:30  INFO 3108 --- [smart-campus-api] [ngodb.net:27017] org.mongodb.driver.cluster               : Discovered replica set primary ac-dajggkg-shard-00-01.al7xwbr.mongodb.net:27017 with max election id 7fffffff000000000000015b and max set version 372
2026-04-25T19:07:05.227+05:30  INFO 3108 --- [smart-campus-api] [           main] r$InitializeUserDetailsManagerConfigurer : Global AuthenticationManager configured with UserDetailsService bean with name userDetailsServiceImpl
2026-04-25T19:07:07.570+05:30  INFO 3108 --- [smart-campus-api] [           main] c.s.s.security.RoleBasedAccessTest       : Started RoleBasedAccessTest in 6.777 seconds (process running for 7.864)
]]></system-out>
    <system-err><![CDATA[WARNING: A Java agent has been loaded dynamically (C:\Users\Asus\.m2\repository\net\bytebuddy\byte-buddy-agent\1.14.19\byte-buddy-agent-1.14.19.jar)
WARNING: If a serviceability tool is in use, please run with -XX:+EnableDynamicAgentLoading to hide this warning
WARNING: If a serviceability tool is not in use, please run with -Djdk.instrument.traceUsage for more information
WARNING: Dynamic loading of agents will be disallowed by default in a future release
]]></system-err>
  </testcase>
  <testcase name="testUnauthenticatedUser" classname="com.smartcampus.smart_campus_api.security.RoleBasedAccessTest" time="0.004"/>
  <testcase name="testMultipleRolesAccess" classname="com.smartcampus.smart_campus_api.security.RoleBasedAccessTest" time="0.004"/>
  <testcase name="testTechnicianRoleAccess" classname="com.smartcampus.smart_campus_api.security.RoleBasedAccessTest" time="0.002"/>
  <testcase name="testUserRoleAccess" classname="com.smartcampus.smart_campus_api.security.RoleBasedAccessTest" time="0.005"/>
</testsuite>